<?xml version="1.0" encoding="UTF-8"?>
<!-- Generated by org.testng.reporters.JUnitReportReporter -->
<testsuite skipped="0" hostname="jayaselvam" name="org.sampletng.SampleC" tests="3" failures="0" timestamp="19 Aug 2023 09:21:14 GMT" time="0.016" errors="0">
  <testcase name="tc31" time="0.011" classname="org.sampletng.SampleC"/>
  <testcase name="tc32" time="0.003" classname="org.sampletng.SampleC"/>
  <testcase name="tc33" time="0.002" classname="org.sampletng.SampleC"/>
</testsuite> <!-- org.sampletng.SampleC -->
