<?xml version="1.0" encoding="UTF-8"?>
<!-- Generated by org.testng.reporters.JUnitReportReporter -->
<testsuite skipped="0" hostname="jayaselvam" name="org.sampletng.SampleB" tests="3" failures="0" timestamp="19 Aug 2023 09:21:14 GMT" time="0.015" errors="0">
  <testcase name="tc22" time="0.003" classname="org.sampletng.SampleB"/>
  <testcase name="tc21" time="0.011" classname="org.sampletng.SampleB"/>
  <testcase name="tc23" time="0.001" classname="org.sampletng.SampleB"/>
</testsuite> <!-- org.sampletng.SampleB -->
